This is pdfTeX, Version 3.14159265-2.6-1.40.16 (TeX Live 2015) (preloaded format=pdflatex 2015.9.7)  19 APR 2016 17:31
entering extended mode
 restricted \write18 enabled.
 %&-line parsing enabled.
**report.tex
(./report.tex
LaTeX2e <2015/01/01>
Babel <3.9l> and hyphenation patterns for 79 languages loaded.
(/usr/local/texlive/2015/texmf-dist/tex/latex/base/report.cls
Document Class: report 2014/09/29 v1.4h Standard LaTeX document class
(/usr/local/texlive/2015/texmf-dist/tex/latex/base/size12.clo
File: size12.clo 2014/09/29 v1.4h Standard LaTeX file (size option)
)
\c@part=\count79
\c@chapter=\count80
\c@section=\count81
\c@subsection=\count82
\c@subsubsection=\count83
\c@paragraph=\count84
\c@subparagraph=\count85
\c@figure=\count86
\c@table=\count87
\abovecaptionskip=\skip41
\belowcaptionskip=\skip42
\bibindent=\dimen102
)
(/usr/local/texlive/2015/texmf-dist/tex/latex/base/inputenc.sty
Package: inputenc 2015/03/17 v1.2c Input encoding file
\inpenc@prehook=\toks14
\inpenc@posthook=\toks15

(/usr/local/texlive/2015/texmf-dist/tex/latex/base/latin1.def
File: latin1.def 2015/03/17 v1.2c Input encoding file
))
(/usr/local/texlive/2015/texmf-dist/tex/latex/base/fontenc.sty
Package: fontenc 2005/09/27 v1.99g Standard LaTeX package

(/usr/local/texlive/2015/texmf-dist/tex/latex/base/t1enc.def
File: t1enc.def 2005/09/27 v1.99g Standard LaTeX file
LaTeX Font Info:    Redeclaring font encoding T1 on input line 48.
))
(/usr/local/texlive/2015/texmf-dist/tex/generic/babel/babel.sty
Package: babel 2014/09/25 3.9l The Babel package

(/usr/local/texlive/2015/texmf-dist/tex/generic/babel-english/english.ldf
Language: english 2012/08/20 v3.3p English support from the babel system

(/usr/local/texlive/2015/texmf-dist/tex/generic/babel/babel.def
File: babel.def 2014/09/25 3.9l Babel common definitions
\babel@savecnt=\count88
\U@D=\dimen103
)
\l@canadian = a dialect from \language\l@american 
\l@australian = a dialect from \language\l@british 
\l@newzealand = a dialect from \language\l@british 
))
(/usr/local/texlive/2015/texmf-dist/tex/latex/geometry/geometry.sty
Package: geometry 2010/09/12 v5.6 Page Geometry

(/usr/local/texlive/2015/texmf-dist/tex/latex/graphics/keyval.sty
Package: keyval 2014/10/28 v1.15 key=value parser (DPC)
\KV@toks@=\toks16
)
(/usr/local/texlive/2015/texmf-dist/tex/generic/oberdiek/ifpdf.sty
Package: ifpdf 2011/01/30 v2.3 Provides the ifpdf switch (HO)
Package ifpdf Info: pdfTeX in PDF mode is detected.
)
(/usr/local/texlive/2015/texmf-dist/tex/generic/oberdiek/ifvtex.sty
Package: ifvtex 2010/03/01 v1.5 Detect VTeX and its facilities (HO)
Package ifvtex Info: VTeX not detected.
)
(/usr/local/texlive/2015/texmf-dist/tex/generic/ifxetex/ifxetex.sty
Package: ifxetex 2010/09/12 v0.6 Provides ifxetex conditional
)
\Gm@cnth=\count89
\Gm@cntv=\count90
\c@Gm@tempcnt=\count91
\Gm@bindingoffset=\dimen104
\Gm@wd@mp=\dimen105
\Gm@odd@mp=\dimen106
\Gm@even@mp=\dimen107
\Gm@layoutwidth=\dimen108
\Gm@layoutheight=\dimen109
\Gm@layouthoffset=\dimen110
\Gm@layoutvoffset=\dimen111
\Gm@dimlist=\toks17
)
(/usr/local/texlive/2015/texmf-dist/tex/latex/setspace/setspace.sty
Package: setspace 2011/12/19 v6.7a set line spacing
)
(/usr/local/texlive/2015/texmf-dist/tex/latex/soul/soul.sty
Package: soul 2003/11/17 v2.4 letterspacing/underlining (mf)
\SOUL@word=\toks18
\SOUL@lasttoken=\toks19
\SOUL@cmds=\toks20
\SOUL@buffer=\toks21
\SOUL@token=\toks22
\SOUL@spaceskip=\skip43
\SOUL@ttwidth=\dimen112
\SOUL@uldp=\dimen113
\SOUL@ulht=\dimen114
)
(/usr/local/texlive/2015/texmf-dist/tex/latex/graphics/color.sty
Package: color 2014/10/28 v1.1a Standard LaTeX Color (DPC)

(/usr/local/texlive/2015/texmf-dist/tex/latex/latexconfig/color.cfg
File: color.cfg 2007/01/18 v1.5 color configuration of teTeX/TeXLive
)
Package color Info: Driver file: pdftex.def on input line 142.

(/usr/local/texlive/2015/texmf-dist/tex/latex/pdftex-def/pdftex.def
File: pdftex.def 2011/05/27 v0.06d Graphics/color for pdfTeX

(/usr/local/texlive/2015/texmf-dist/tex/generic/oberdiek/infwarerr.sty
Package: infwarerr 2010/04/08 v1.3 Providing info/warning/error messages (HO)
)
(/usr/local/texlive/2015/texmf-dist/tex/generic/oberdiek/ltxcmds.sty
Package: ltxcmds 2011/11/09 v1.22 LaTeX kernel commands for general use (HO)
)
\Gread@gobject=\count92
))
(/usr/local/texlive/2015/texmf-dist/tex/latex/graphics/graphicx.sty
Package: graphicx 2014/10/28 v1.0g Enhanced LaTeX Graphics (DPC,SPQR)

(/usr/local/texlive/2015/texmf-dist/tex/latex/graphics/graphics.sty
Package: graphics 2014/10/28 v1.0p Standard LaTeX Graphics (DPC,SPQR)

(/usr/local/texlive/2015/texmf-dist/tex/latex/graphics/trig.sty
Package: trig 1999/03/16 v1.09 sin cos tan (DPC)
)
(/usr/local/texlive/2015/texmf-dist/tex/latex/latexconfig/graphics.cfg
File: graphics.cfg 2010/04/23 v1.9 graphics configuration of TeX Live
)
Package graphics Info: Driver file: pdftex.def on input line 94.
)
\Gin@req@height=\dimen115
\Gin@req@width=\dimen116
)
(/usr/local/texlive/2015/texmf-dist/tex/latex/amsmath/amsmath.sty
Package: amsmath 2013/01/14 v2.14 AMS math features
\@mathmargin=\skip44

For additional information on amsmath, use the `?' option.
(/usr/local/texlive/2015/texmf-dist/tex/latex/amsmath/amstext.sty
Package: amstext 2000/06/29 v2.01

(/usr/local/texlive/2015/texmf-dist/tex/latex/amsmath/amsgen.sty
File: amsgen.sty 1999/11/30 v2.0
\@emptytoks=\toks23
\ex@=\dimen117
))
(/usr/local/texlive/2015/texmf-dist/tex/latex/amsmath/amsbsy.sty
Package: amsbsy 1999/11/29 v1.2d
\pmbraise@=\dimen118
)
(/usr/local/texlive/2015/texmf-dist/tex/latex/amsmath/amsopn.sty
Package: amsopn 1999/12/14 v2.01 operator names
)
\inf@bad=\count93
LaTeX Info: Redefining \frac on input line 210.
\uproot@=\count94
\leftroot@=\count95
LaTeX Info: Redefining \overline on input line 306.
\classnum@=\count96
\DOTSCASE@=\count97
LaTeX Info: Redefining \ldots on input line 378.
LaTeX Info: Redefining \dots on input line 381.
LaTeX Info: Redefining \cdots on input line 466.
\Mathstrutbox@=\box26
\strutbox@=\box27
\big@size=\dimen119
LaTeX Font Info:    Redeclaring font encoding OML on input line 566.
LaTeX Font Info:    Redeclaring font encoding OMS on input line 567.
\macc@depth=\count98
\c@MaxMatrixCols=\count99
\dotsspace@=\muskip10
\c@parentequation=\count100
\dspbrk@lvl=\count101
\tag@help=\toks24
\row@=\count102
\column@=\count103
\maxfields@=\count104
\andhelp@=\toks25
\eqnshift@=\dimen120
\alignsep@=\dimen121
\tagshift@=\dimen122
\tagwidth@=\dimen123
\totwidth@=\dimen124
\lineht@=\dimen125
\@envbody=\toks26
\multlinegap=\skip45
\multlinetaggap=\skip46
\mathdisplay@stack=\toks27
LaTeX Info: Redefining \[ on input line 2665.
LaTeX Info: Redefining \] on input line 2666.
)
(/usr/local/texlive/2015/texmf-dist/tex/latex/amsfonts/amssymb.sty
Package: amssymb 2013/01/14 v3.01 AMS font symbols

(/usr/local/texlive/2015/texmf-dist/tex/latex/amsfonts/amsfonts.sty
Package: amsfonts 2013/01/14 v3.01 Basic AMSFonts support
\symAMSa=\mathgroup4
\symAMSb=\mathgroup5
LaTeX Font Info:    Overwriting math alphabet `\mathfrak' in version `bold'
(Font)                  U/euf/m/n --> U/euf/b/n on input line 106.
))
(/usr/local/texlive/2015/texmf-dist/tex/latex/rotating/rotating.sty
Package: rotating 2009/03/28 v2.16a rotated objects in LaTeX

(/usr/local/texlive/2015/texmf-dist/tex/latex/base/ifthen.sty
Package: ifthen 2014/09/29 v1.1c Standard LaTeX ifthen package (DPC)
)
\c@r@tfl@t=\count105
\rotFPtop=\skip47
\rotFPbot=\skip48
\rot@float@box=\box28
\rot@mess@toks=\toks28
)
(/usr/local/texlive/2015/texmf-dist/tex/latex/titling/titling.sty
Package: titling 2009/09/04 v2.1d maketitle typesetting
\thanksmarkwidth=\skip49
\thanksmargin=\skip50
\droptitle=\skip51
)
(/usr/local/texlive/2015/texmf-dist/tex/latex/hyperref/hyperref.sty
Package: hyperref 2012/11/06 v6.83m Hypertext links for LaTeX

(/usr/local/texlive/2015/texmf-dist/tex/generic/oberdiek/hobsub-hyperref.sty
Package: hobsub-hyperref 2012/05/28 v1.13 Bundle oberdiek, subset hyperref (HO)


(/usr/local/texlive/2015/texmf-dist/tex/generic/oberdiek/hobsub-generic.sty
Package: hobsub-generic 2012/05/28 v1.13 Bundle oberdiek, subset generic (HO)
Package: hobsub 2012/05/28 v1.13 Construct package bundles (HO)
Package hobsub Info: Skipping package `infwarerr' (already loaded).
Package hobsub Info: Skipping package `ltxcmds' (already loaded).
Package: ifluatex 2010/03/01 v1.3 Provides the ifluatex switch (HO)
Package ifluatex Info: LuaTeX not detected.
Package hobsub Info: Skipping package `ifvtex' (already loaded).
Package: intcalc 2007/09/27 v1.1 Expandable calculations with integers (HO)
Package hobsub Info: Skipping package `ifpdf' (already loaded).
Package: etexcmds 2011/02/16 v1.5 Avoid name clashes with e-TeX commands (HO)
Package etexcmds Info: Could not find \expanded.
(etexcmds)             That can mean that you are not using pdfTeX 1.50 or
(etexcmds)             that some package has redefined \expanded.
(etexcmds)             In the latter case, load this package earlier.
Package: kvsetkeys 2012/04/25 v1.16 Key value parser (HO)
Package: kvdefinekeys 2011/04/07 v1.3 Define keys (HO)
Package: pdftexcmds 2011/11/29 v0.20 Utility functions of pdfTeX for LuaTeX (HO
)
Package pdftexcmds Info: LuaTeX not detected.
Package pdftexcmds Info: \pdf@primitive is available.
Package pdftexcmds Info: \pdf@ifprimitive is available.
Package pdftexcmds Info: \pdfdraftmode found.
Package: pdfescape 2011/11/25 v1.13 Implements pdfTeX's escape features (HO)
Package: bigintcalc 2012/04/08 v1.3 Expandable calculations on big integers (HO
)
Package: bitset 2011/01/30 v1.1 Handle bit-vector datatype (HO)
Package: uniquecounter 2011/01/30 v1.2 Provide unlimited unique counter (HO)
)
Package hobsub Info: Skipping package `hobsub' (already loaded).
Package: letltxmacro 2010/09/02 v1.4 Let assignment for LaTeX macros (HO)
Package: hopatch 2012/05/28 v1.2 Wrapper for package hooks (HO)
Package: xcolor-patch 2011/01/30 xcolor patch
Package: atveryend 2011/06/30 v1.8 Hooks at the very end of document (HO)
Package atveryend Info: \enddocument detected (standard20110627).
Package: atbegshi 2011/10/05 v1.16 At begin shipout hook (HO)
Package: refcount 2011/10/16 v3.4 Data extraction from label references (HO)
Package: hycolor 2011/01/30 v1.7 Color options for hyperref/bookmark (HO)
)
(/usr/local/texlive/2015/texmf-dist/tex/latex/oberdiek/auxhook.sty
Package: auxhook 2011/03/04 v1.3 Hooks for auxiliary files (HO)
)
(/usr/local/texlive/2015/texmf-dist/tex/latex/oberdiek/kvoptions.sty
Package: kvoptions 2011/06/30 v3.11 Key value format for package options (HO)
)
\@linkdim=\dimen126
\Hy@linkcounter=\count106
\Hy@pagecounter=\count107

(/usr/local/texlive/2015/texmf-dist/tex/latex/hyperref/pd1enc.def
File: pd1enc.def 2012/11/06 v6.83m Hyperref: PDFDocEncoding definition (HO)
)
\Hy@SavedSpaceFactor=\count108

(/usr/local/texlive/2015/texmf-dist/tex/latex/latexconfig/hyperref.cfg
File: hyperref.cfg 2002/06/06 v1.2 hyperref configuration of TeXLive
)
Package hyperref Info: Hyper figures OFF on input line 4443.
Package hyperref Info: Link nesting OFF on input line 4448.
Package hyperref Info: Hyper index ON on input line 4451.
Package hyperref Info: Plain pages OFF on input line 4458.
Package hyperref Info: Backreferencing OFF on input line 4463.
Package hyperref Info: Implicit mode ON; LaTeX internals redefined.
Package hyperref Info: Bookmarks ON on input line 4688.
\c@Hy@tempcnt=\count109

(/usr/local/texlive/2015/texmf-dist/tex/latex/url/url.sty
\Urlmuskip=\muskip11
Package: url 2013/09/16  ver 3.4  Verb mode for urls, etc.
)
LaTeX Info: Redefining \url on input line 5041.
\XeTeXLinkMargin=\dimen127
\Fld@menulength=\count110
\Field@Width=\dimen128
\Fld@charsize=\dimen129
Package hyperref Info: Hyper figures OFF on input line 6295.
Package hyperref Info: Link nesting OFF on input line 6300.
Package hyperref Info: Hyper index ON on input line 6303.
Package hyperref Info: backreferencing OFF on input line 6310.
Package hyperref Info: Link coloring OFF on input line 6315.
Package hyperref Info: Link coloring with OCG OFF on input line 6320.
Package hyperref Info: PDF/A mode OFF on input line 6325.
LaTeX Info: Redefining \ref on input line 6365.
LaTeX Info: Redefining \pageref on input line 6369.
\Hy@abspage=\count111
\c@Item=\count112
\c@Hfootnote=\count113
)

Package hyperref Message: Driver (autodetected): hpdftex.

(/usr/local/texlive/2015/texmf-dist/tex/latex/hyperref/hpdftex.def
File: hpdftex.def 2012/11/06 v6.83m Hyperref driver for pdfTeX
\Fld@listcount=\count114
\c@bookmark@seq@number=\count115

(/usr/local/texlive/2015/texmf-dist/tex/latex/oberdiek/rerunfilecheck.sty
Package: rerunfilecheck 2011/04/15 v1.7 Rerun checks for auxiliary files (HO)
Package uniquecounter Info: New unique counter `rerunfilecheck' on input line 2
82.
)
\Hy@SectionHShift=\skip52
)
(/usr/local/texlive/2015/texmf-dist/tex/latex/pdfpages/pdfpages.sty
Package: pdfpages 2015/05/11 v0.4x Insert pages of external PDF documents (AM)

(/usr/local/texlive/2015/texmf-dist/tex/latex/tools/calc.sty
Package: calc 2014/10/28 v4.3 Infix arithmetic (KKT,FJ)
\calc@Acount=\count116
\calc@Bcount=\count117
\calc@Adimen=\dimen130
\calc@Bdimen=\dimen131
\calc@Askip=\skip53
\calc@Bskip=\skip54
LaTeX Info: Redefining \setlength on input line 80.
LaTeX Info: Redefining \addtolength on input line 81.
\calc@Ccount=\count118
\calc@Cskip=\skip55
)
(/usr/local/texlive/2015/texmf-dist/tex/latex/eso-pic/eso-pic.sty
Package: eso-pic 2015/04/20 v2.0e eso-pic (RN)
)
\AM@pagewidth=\dimen132
\AM@pageheight=\dimen133

(/usr/local/texlive/2015/texmf-dist/tex/latex/pdfpages/pppdftex.def
File: pppdftex.def 2015/05/11 v0.4x Pdfpages driver for pdfTeX (AM)
)
\AM@pagebox=\box29
\AM@toc@title=\toks29
\c@AM@survey=\count119
\AM@templatesizebox=\box30
)
(/usr/local/texlive/2015/texmf-dist/tex/latex/float/float.sty
Package: float 2001/11/08 v1.3d Float enhancements (AL)
\c@float@type=\count120
\float@exts=\toks30
\float@box=\box31
\@float@everytoks=\toks31
\@floatcapt=\box32
)
(/usr/local/texlive/2015/texmf-dist/tex/latex/listings/listings.sty
\lst@mode=\count121
\lst@gtempboxa=\box33
\lst@token=\toks32
\lst@length=\count122
\lst@currlwidth=\dimen134
\lst@column=\count123
\lst@pos=\count124
\lst@lostspace=\dimen135
\lst@width=\dimen136
\lst@newlines=\count125
\lst@lineno=\count126
\lst@maxwidth=\dimen137

(/usr/local/texlive/2015/texmf-dist/tex/latex/listings/lstmisc.sty
File: lstmisc.sty 2014/09/06 1.5e (Carsten Heinz)
\c@lstnumber=\count127
\lst@skipnumbers=\count128
\lst@framebox=\box34
)
(/usr/local/texlive/2015/texmf-dist/tex/latex/listings/listings.cfg
File: listings.cfg 2014/09/06 1.5e listings configuration
))
Package: listings 2014/09/06 1.5e (Carsten Heinz)

(/usr/local/texlive/2015/texmf-dist/tex/latex/algorithms/algorithm.sty
Package: algorithm 2009/08/24 v0.1 Document Style `algorithm' - floating enviro
nment
\@float@every@algorithm=\toks33
\c@algorithm=\count129
)
(/usr/local/texlive/2015/texmf-dist/tex/latex/algorithmicx/algpseudocode.sty
Package: algpseudocode 

(/usr/local/texlive/2015/texmf-dist/tex/latex/algorithmicx/algorithmicx.sty
Package: algorithmicx 2005/04/27 v1.2 Algorithmicx

Document Style algorithmicx 1.2 - a greatly improved `algorithmic' style
\c@ALG@line=\count130
\c@ALG@rem=\count131
\c@ALG@nested=\count132
\ALG@tlm=\skip56
\ALG@thistlm=\skip57
\c@ALG@Lnr=\count133
\c@ALG@blocknr=\count134
\c@ALG@storecount=\count135
\c@ALG@tmpcounter=\count136
\ALG@tmplength=\skip58
)
Document Style - pseudocode environments for use with the `algorithmicx' style
) (/usr/local/texlive/2015/texmf-dist/tex/latex/algorithm2e/algorithm2e.sty
Package: algorithm2e 2013/01/06 v5.00 algorithms environments
\c@AlgoLine=\count137

(/usr/local/texlive/2015/texmf-dist/tex/latex/tools/xspace.sty
Package: xspace 2014/10/28 v1.13 Space after command names (DPC,MH)
)
(/usr/local/texlive/2015/texmf-dist/tex/latex/relsize/relsize.sty
Package: relsize 2013/03/29 ver 4.1
)
********************************************************
Package `algorithm2e' Release 5.0 -- january 06 2013 --
- algorithm2e-announce@lirmm.fr mailing list for announcement about releases
- algorithm2e-discussion@lirmm.fr mailing list for discussion about package
subscribe by emailing sympa@lirmm.fr with 'subscribe <list> <firstname name>'
- Author: Christophe Fiorio (cfiorio@um2.fr)
********************************************************
\skiptotal=\skip59
\skiplinenumber=\skip60
\skiprule=\skip61
\skiphlne=\skip62
\skiptext=\skip63
\skiplength=\skip64
\algomargin=\skip65
\skipalgocfslide=\skip66
\algowidth=\dimen138
\inoutsize=\dimen139
\inoutindent=\dimen140
\interspacetitleruled=\dimen141
\interspacealgoruled=\dimen142
\interspacetitleboxruled=\dimen143
\algocf@inoutbox=\box35
\algocf@inputbox=\box36
\AlCapSkip=\skip67
\AlCapHSkip=\skip68
\algoskipindent=\skip69
\algocf@nlbox=\box37
\algocf@hangingbox=\box38
\algocf@untilbox=\box39
\algocf@skipuntil=\skip70
\algocf@capbox=\box40
\algoheightruledefault=\skip71
\algoheightrule=\skip72
\algotitleheightruledefault=\skip73
\algotitleheightrule=\skip74
\c@algocfline=\count138
\c@algocfproc=\count139
\c@algocf=\count140
\algocf@algoframe=\box41
\algocf@algobox=\box42

! LaTeX Error: Command \algorithm already defined.
               Or name \end... illegal, see p.192 of the manual.

See the LaTeX manual or LaTeX Companion for explanation.
Type  H <return>  for immediate help.
 ...                                              
                                                  
l.2334 }
        %
? ret
OK, entering \nonstopmode...

! LaTeX Error: Command \algorithm* already defined.
               Or name \end... illegal, see p.192 of the manual.

See the LaTeX manual or LaTeX Companion for explanation.
Type  H <return>  for immediate help.
 ...                                              
                                                  
l.2342 }
        %
Your command was ignored.
Type  I <command> <return>  to replace it with another command,
or  <return>  to continue without it.


! LaTeX Error: Command \listofalgorithms already defined.
               Or name \end... illegal, see p.192 of the manual.

See the LaTeX manual or LaTeX Companion for explanation.
Type  H <return>  for immediate help.
 ...                                              
                                                  
l.2349 }
        %
Your command was ignored.
Type  I <command> <return>  to replace it with another command,
or  <return>  to continue without it.

) (/usr/local/texlive/2015/texmf-dist/tex/latex/moreverb/moreverb.sty
Package: moreverb 2008/06/03 v2.3a `more' verbatim facilities

(/usr/local/texlive/2015/texmf-dist/tex/latex/tools/verbatim.sty
Package: verbatim 2014/10/28 v1.5q LaTeX2e package for verbatim enhancements
\every@verbatim=\toks34
\verbatim@line=\toks35
\verbatim@in@stream=\read1
)
\tab@position=\count141
\tab@size=\count142
\listing@line=\count143
)
(/usr/local/texlive/2015/texmf-dist/tex/latex/tocbibind/tocbibind.sty
Package: tocbibind 2010/10/13 v1.5k extra ToC listings
Package tocbibind Info: The document has chapter divisions on input line 50.


Package tocbibind Note: Using chapter style headings, unless overridden.

) (/usr/local/texlive/2015/texmf-dist/tex/latex/listings/lstlang1.sty
File: lstlang1.sty 2014/09/06 1.5e listings language file
)

! Package keyval Error: texcsstyle undefined.

See the keyval package documentation for explanation.
Type  H <return>  for immediate help.
 ...                                              
                                                  
l.36         texcsstyle=*\bfseries}
                                   
Try typing  <return>  to proceed.
If that doesn't work, type  X <return>  to quit.

(./report.aux)
\openout1 = `report.aux'.

LaTeX Font Info:    Checking defaults for OML/cmm/m/it on input line 51.
LaTeX Font Info:    ... okay on input line 51.
LaTeX Font Info:    Checking defaults for T1/cmr/m/n on input line 51.
LaTeX Font Info:    ... okay on input line 51.
LaTeX Font Info:    Checking defaults for OT1/cmr/m/n on input line 51.
LaTeX Font Info:    ... okay on input line 51.
LaTeX Font Info:    Checking defaults for OMS/cmsy/m/n on input line 51.
LaTeX Font Info:    ... okay on input line 51.
LaTeX Font Info:    Checking defaults for OMX/cmex/m/n on input line 51.
LaTeX Font Info:    ... okay on input line 51.
LaTeX Font Info:    Checking defaults for U/cmr/m/n on input line 51.
LaTeX Font Info:    ... okay on input line 51.
LaTeX Font Info:    Checking defaults for PD1/pdf/m/n on input line 51.
LaTeX Font Info:    ... okay on input line 51.

*geometry* driver: auto-detecting
*geometry* detected driver: pdftex
*geometry* verbose mode - [ preamble ] result:
* driver: pdftex
* paper: a4paper
* layout: <same size as paper>
* layoutoffset:(h,v)=(0.0pt,0.0pt)
* modes: 
* h-part:(L,W,R)=(85.35826pt, 426.79135pt, 85.35826pt)
* v-part:(T,H,B)=(85.35826pt, 674.33032pt, 85.35826pt)
* \paperwidth=597.50787pt
* \paperheight=845.04684pt
* \textwidth=426.79135pt
* \textheight=674.33032pt
* \oddsidemargin=13.08827pt
* \evensidemargin=13.08827pt
* \topmargin=-23.91173pt
* \headheight=12.0pt
* \headsep=25.0pt
* \topskip=12.0pt
* \footskip=30.0pt
* \marginparwidth=35.0pt
* \marginparsep=10.0pt
* \columnsep=10.0pt
* \skip\footins=10.8pt plus 4.0pt minus 2.0pt
* \hoffset=0.0pt
* \voffset=0.0pt
* \mag=1000
* \@twocolumnfalse
* \@twosidefalse
* \@mparswitchfalse
* \@reversemarginfalse
* (1in=72.27pt=25.4mm, 1cm=28.453pt)

(/usr/local/texlive/2015/texmf-dist/tex/context/base/supp-pdf.mkii
[Loading MPS to PDF converter (version 2006.09.02).]
\scratchcounter=\count144
\scratchdimen=\dimen144
\scratchbox=\box43
\nofMPsegments=\count145
\nofMParguments=\count146
\everyMPshowfont=\toks36
\MPscratchCnt=\count147
\MPscratchDim=\dimen145
\MPnumerator=\count148
\makeMPintoPDFobject=\count149
\everyMPtoPDFconversion=\toks37
) (/usr/local/texlive/2015/texmf-dist/tex/latex/oberdiek/epstopdf-base.sty
Package: epstopdf-base 2010/02/09 v2.5 Base part for package epstopdf

(/usr/local/texlive/2015/texmf-dist/tex/latex/oberdiek/grfext.sty
Package: grfext 2010/08/19 v1.1 Manage graphics extensions (HO)
)
Package grfext Info: Graphics extension search list:
(grfext)             [.png,.pdf,.jpg,.mps,.jpeg,.jbig2,.jb2,.PNG,.PDF,.JPG,.JPE
G,.JBIG2,.JB2,.eps]
(grfext)             \AppendGraphicsExtensions on input line 452.

(/usr/local/texlive/2015/texmf-dist/tex/latex/latexconfig/epstopdf-sys.cfg
File: epstopdf-sys.cfg 2010/07/13 v1.3 Configuration of (r)epstopdf for TeX Liv
e
))
\AtBeginShipoutBox=\box44
Package hyperref Info: Link coloring OFF on input line 51.

(/usr/local/texlive/2015/texmf-dist/tex/latex/hyperref/nameref.sty
Package: nameref 2012/10/27 v2.43 Cross-referencing by name of section

(/usr/local/texlive/2015/texmf-dist/tex/generic/oberdiek/gettitlestring.sty
Package: gettitlestring 2010/12/03 v1.4 Cleanup title references (HO)
)
\c@section@level=\count150
)
LaTeX Info: Redefining \ref on input line 51.
LaTeX Info: Redefining \pageref on input line 51.
LaTeX Info: Redefining \nameref on input line 51.

(./report.out) (./report.out)
\@outlinefile=\write3
\openout3 = `report.out'.

\c@lstlisting=\count151

! Undefined control sequence.
<argument> ...earning techniques\\ } \\Chris \bsc 
                                                  {Pal} \\ Project (INF8225)}
l.55 ...} \\Chris \bsc{Pal} \\ Project (INF8225)}}
                                                  
The control sequence at the end of the top line
of your error message was never \def'ed. If you have
misspelled it (e.g., `\hobx'), type `I' and the correct
spelling (e.g., `I\hbox'). Otherwise just continue,
and I'll forget about whatever was undefined.

! Undefined control sequence.
<argument> Farnoush \bsc 
                         {Farhadi} \& Juliette \bsc {Tibayrenc}
l.56 ...\bsc{Farhadi} \& Juliette \bsc{Tibayrenc}}
                                                  
The control sequence at the end of the top line
of your error message was never \def'ed. If you have
misspelled it (e.g., `\hobx'), type `I' and the correct
spelling (e.g., `I\hbox'). Otherwise just continue,
and I'll forget about whatever was undefined.

! Undefined control sequence.
<argument> ...ush \bsc {Farhadi} \& Juliette \bsc 
                                                  {Tibayrenc}
l.56 ...\bsc{Farhadi} \& Juliette \bsc{Tibayrenc}}
                                                  
The control sequence at the end of the top line
of your error message was never \def'ed. If you have
misspelled it (e.g., `\hobx'), type `I' and the correct
spelling (e.g., `I\hbox'). Otherwise just continue,
and I'll forget about whatever was undefined.


! LaTeX Error: There's no line here to end.

See the LaTeX manual or LaTeX Companion for explanation.
Type  H <return>  for immediate help.
 ...                                              
                                                  
l.60 
     
Your command was ignored.
Type  I <command> <return>  to replace it with another command,
or  <return>  to continue without it.

! Undefined control sequence.
\@title ...& learning techniques\\ } \\Chris \bsc 
                                                  {Pal} \\ Project (INF8225)}
l.60 
     
The control sequence at the end of the top line
of your error message was never \def'ed. If you have
misspelled it (e.g., `\hobx'), type `I' and the correct
spelling (e.g., `I\hbox'). Otherwise just continue,
and I'll forget about whatever was undefined.

LaTeX Font Info:    Try loading font information for U+msa on input line 60.
(/usr/local/texlive/2015/texmf-dist/tex/latex/amsfonts/umsa.fd
File: umsa.fd 2013/01/14 v3.01 AMS symbols A
)
LaTeX Font Info:    Try loading font information for U+msb on input line 60.

(/usr/local/texlive/2015/texmf-dist/tex/latex/amsfonts/umsb.fd
File: umsb.fd 2013/01/14 v3.01 AMS symbols B
)
! Undefined control sequence.
\@author ->Farnoush \bsc 
                         {Farhadi} \& Juliette \bsc {Tibayrenc}
l.60 
     
The control sequence at the end of the top line
of your error message was never \def'ed. If you have
misspelled it (e.g., `\hobx'), type `I' and the correct
spelling (e.g., `I\hbox'). Otherwise just continue,
and I'll forget about whatever was undefined.

! Undefined control sequence.
\@author ...noush \bsc {Farhadi} \& Juliette \bsc 
                                                  {Tibayrenc}
l.60 
     
The control sequence at the end of the top line
of your error message was never \def'ed. If you have
misspelled it (e.g., `\hobx'), type `I' and the correct
spelling (e.g., `I\hbox'). Otherwise just continue,
and I'll forget about whatever was undefined.

<logo_Poly.jpg, id=68, 207.02344pt x 112.92188pt>
File: logo_Poly.jpg Graphic file (type jpg)
 <use logo_Poly.jpg>
Package pdftex.def Info: logo_Poly.jpg used on input line 60.
(pdftex.def)             Requested size: 284.52756pt x 155.21376pt.

! Extra }, or forgotten \endgroup.
\HyOrg@maketitle ...spredate \@date \@bspostdate }
                                                   \maketitlehookd \par \@th...
l.60 
     
I've deleted a group-closing symbol because it seems to be
spurious, as in `$x}$'. But perhaps the } is legitimate and
you forgot something else, as in `\hbox{$x}'. In such cases
the way to recover is to insert both the forgotten and the
deleted material, e.g., by typing `I$}'.

[1

{/usr/local/texlive/2015/texmf-var/fonts/map/pdftex/updmap/pdftex.map} <./logo_
Poly.jpg>]

! LaTeX Error: \begin{center} on input line 60 ended by \end{titlepage}.

See the LaTeX manual or LaTeX Companion for explanation.
Type  H <return>  for immediate help.
 ...                                              
                                                  
l.60 
     
Your command was ignored.
Type  I <command> <return>  to replace it with another command,
or  <return>  to continue without it.

(./report.toc)
\tf@toc=\write4
\openout4 = `report.toc'.

pdfTeX warning (ext4): destination with the same identifier (name{page.1}) has 
been already used, duplicate ignored
<to be read again> 
                   \relax 
l.65 \newpage
              [1

] [2

] [3

]
Package hyperref Info: bookmark level for unknown algorithm defaults to 0 on in
put line 134.
LaTeX Font Info:    Try loading font information for T1+cmtt on input line 142.


(/usr/local/texlive/2015/texmf-dist/tex/latex/base/t1cmtt.fd
File: t1cmtt.fd 2014/09/29 v2.5h Standard LaTeX font definitions
)
! Missing number, treated as zero.
<to be read again> 
                   \ALG@b@2@EndFor@0 
l.148 \EndFor
             
A number should have been here; I inserted `0'.
(If you can't figure out why I needed to see a number,
look up `weird error' in the index to The TeXbook.)

! Missing number, treated as zero.
<to be read again> 
                   \ALG@b@2@Until@0 
l.149 \Until
             {$\Delta < \epsilon$}
A number should have been here; I inserted `0'.
(If you can't figure out why I needed to see a number,
look up `weird error' in the index to The TeXbook.)

! Extra }, or forgotten \endgroup.
\@algocf@finish ...ideskip \egroup \hfill \egroup 
                                                  \ifthenelse {\boolean {alg...
l.152 \end{algorithm}
                     
I've deleted a group-closing symbol because it seems to be
spurious, as in `$x}$'. But perhaps the } is legitimate and
you forgot something else, as in `\hbox{$x}'. In such cases
the way to recover is to insert both the forgotten and the
deleted material, e.g., by typing `I$}'.

! Extra }, or forgotten \endgroup.
\@algocf@finish ... {\skipalgocfslide }}{}\egroup 
                                                  \end {lrbox}\algocf@maketh...
l.152 \end{algorithm}
                     
I've deleted a group-closing symbol because it seems to be
spurious, as in `$x}$'. But perhaps the } is legitimate and
you forgot something else, as in `\hbox{$x}'. In such cases
the way to recover is to insert both the forgotten and the
deleted material, e.g., by typing `I$}'.


! LaTeX Error: \begin{algorithm} on input line 134 ended by \end{lrbox}.

See the LaTeX manual or LaTeX Companion for explanation.
Type  H <return>  for immediate help.
 ...                                              
                                                  
l.152 \end{algorithm}
                     
Your command was ignored.
Type  I <command> <return>  to replace it with another command,
or  <return>  to continue without it.

! Missing } inserted.
<inserted text> 
                }
l.152 \end{algorithm}
                     
I've inserted something that you may have forgotten.
(See the <inserted text> above.)
With luck, this will get me unwedged. But if you
really didn't forget anything, try typing `2' now; then
my insertion and my current dilemma will both disappear.

! Too many }'s.
\color@endbox ->\color@endgroup \egroup 
                                        
l.152 \end{algorithm}
                     
You've closed more groups than you opened.
Such booboos are generally harmless, so keep going.


! LaTeX Error: \begin{document} ended by \end{algocf}.

See the LaTeX manual or LaTeX Companion for explanation.
Type  H <return>  for immediate help.
 ...                                              
                                                  
l.152 \end{algorithm}
                     
Your command was ignored.
Type  I <command> <return>  to replace it with another command,
or  <return>  to continue without it.

! Extra \endgroup.
<recently read> \endgroup 
                          
l.152 \end{algorithm}
                     
Things are pretty mixed up, but I think the worst is over.


! LaTeX Error: \begin{document} ended by \end{algocf@algorithm}.

See the LaTeX manual or LaTeX Companion for explanation.
Type  H <return>  for immediate help.
 ...                                              
                                                  
l.152 \end{algorithm}
                     
Your command was ignored.
Type  I <command> <return>  to replace it with another command,
or  <return>  to continue without it.

! Extra \endgroup.
<recently read> \endgroup 
                          
l.152 \end{algorithm}
                     
Things are pretty mixed up, but I think the worst is over.


! LaTeX Error: \begin{document} ended by \end{algorithm}.

See the LaTeX manual or LaTeX Companion for explanation.
Type  H <return>  for immediate help.
 ...                                              
                                                  
l.152 \end{algorithm}
                     
Your command was ignored.
Type  I <command> <return>  to replace it with another command,
or  <return>  to continue without it.

! Extra \endgroup.
<recently read> \endgroup 
                          
l.152 \end{algorithm}
                     
Things are pretty mixed up, but I think the worst is over.

[4

]

! LaTeX Error: Command \item invalid in math mode.

See the LaTeX manual or LaTeX Companion for explanation.
Type  H <return>  for immediate help.
 ...                                              
                                                  
l.171 \State
             $\textbf{Local Variables:  $V$ , /* Value matrix, initially ide...

Try typing  <return>  to proceed.
If that doesn't work, type  X <return>  to quit.


! LaTeX Error: Something's wrong--perhaps a missing \item.

See the LaTeX manual or LaTeX Companion for explanation.
Type  H <return>  for immediate help.
 ...                                              
                                                  
l.171 \State
             $\textbf{Local Variables:  $V$ , /* Value matrix, initially ide...

Try typing  <return>  to proceed.
If that doesn't work, type  X <return>  to quit.


! LaTeX Error: Something's wrong--perhaps a missing \item.

See the LaTeX manual or LaTeX Companion for explanation.
Type  H <return>  for immediate help.
 ...                                              
                                                  
l.171 \State
             $\textbf{Local Variables:  $V$ , /* Value matrix, initially ide...

Try typing  <return>  to proceed.
If that doesn't work, type  X <return>  to quit.


Overfull \hbox (582.57578pt too wide) in paragraph at lines 170--171
[]$[]$\T1/cmr/bx/n/12 Local
 []

! Missing $ inserted.
<inserted text> 
                $
l.173 
      
I've inserted a begin-math/end-math symbol since I think
you left one out. Proceed, with fingers crossed.

! Missing } inserted.
<inserted text> 
                }
l.173 
      
I've inserted something that you may have forgotten.
(See the <inserted text> above.)
With luck, this will get me unwedged. But if you
really didn't forget anything, try typing `2' now; then
my insertion and my current dilemma will both disappear.

! Extra }, or forgotten \endgroup.
\par ...m \@noitemerr {\@@par }\fi \else {\@@par }
                                                  \fi 
l.173 
      
I've deleted a group-closing symbol because it seems to be
spurious, as in `$x}$'. But perhaps the } is legitimate and
you forgot something else, as in `\hbox{$x}'. In such cases
the way to recover is to insert both the forgotten and the
deleted material, e.g., by typing `I$}'.


! LaTeX Error: Command \item invalid in math mode.

See the LaTeX manual or LaTeX Companion for explanation.
Type  H <return>  for immediate help.
 ...                                              
                                                  
l.175 \State
             $V(s) \gets \texttt{arbitrarily}$, for all $s \in \mathcal S^+$
Try typing  <return>  to proceed.
If that doesn't work, type  X <return>  to quit.


! LaTeX Error: Something's wrong--perhaps a missing \item.

See the LaTeX manual or LaTeX Companion for explanation.
Type  H <return>  for immediate help.
 ...                                              
                                                  
l.175 \State
             $V(s) \gets \texttt{arbitrarily}$, for all $s \in \mathcal S^+$
Try typing  <return>  to proceed.
If that doesn't work, type  X <return>  to quit.


! LaTeX Error: Something's wrong--perhaps a missing \item.

See the LaTeX manual or LaTeX Companion for explanation.
Type  H <return>  for immediate help.
 ...                                              
                                                  
l.175 \State
             $V(s) \gets \texttt{arbitrarily}$, for all $s \in \mathcal S^+$
Try typing  <return>  to proceed.
If that doesn't work, type  X <return>  to quit.

! Missing $ inserted.
<inserted text> 
                $
l.175 \State $V(s) \gets
                         \texttt{arbitrarily}$, for all $s \in \mathcal S^+$
I've inserted a begin-math/end-math symbol since I think
you left one out. Proceed, with fingers crossed.

! Missing number, treated as zero.
<to be read again> 
                   \ALG@b@2@EndFor@0 
l.182 \EndFor
             
A number should have been here; I inserted `0'.
(If you can't figure out why I needed to see a number,
look up `weird error' in the index to The TeXbook.)

! Missing number, treated as zero.
<to be read again> 
                   \ALG@b@2@Until@0 
l.183 \Until
             {$\Delta < \epsilon$}
A number should have been here; I inserted `0'.
(If you can't figure out why I needed to see a number,
look up `weird error' in the index to The TeXbook.)

! Missing number, treated as zero.
<to be read again> 
                   \ALG@b@2@EndFor@0 
l.191 \EndFor
             
A number should have been here; I inserted `0'.
(If you can't figure out why I needed to see a number,
look up `weird error' in the index to The TeXbook.)

! Extra }, or forgotten \endgroup.
\@algocf@finish ...ideskip \egroup \hfill \egroup 
                                                  \ifthenelse {\boolean {alg...
l.193 \end{algorithm}
                     
I've deleted a group-closing symbol because it seems to be
spurious, as in `$x}$'. But perhaps the } is legitimate and
you forgot something else, as in `\hbox{$x}'. In such cases
the way to recover is to insert both the forgotten and the
deleted material, e.g., by typing `I$}'.

! Extra }, or forgotten \endgroup.
\@algocf@finish ... {\skipalgocfslide }}{}\egroup 
                                                  \end {lrbox}\algocf@maketh...
l.193 \end{algorithm}
                     
I've deleted a group-closing symbol because it seems to be
spurious, as in `$x}$'. But perhaps the } is legitimate and
you forgot something else, as in `\hbox{$x}'. In such cases
the way to recover is to insert both the forgotten and the
deleted material, e.g., by typing `I$}'.


! LaTeX Error: \begin{algorithm} on input line 167 ended by \end{lrbox}.

See the LaTeX manual or LaTeX Companion for explanation.
Type  H <return>  for immediate help.
 ...                                              
                                                  
l.193 \end{algorithm}
                     
Your command was ignored.
Type  I <command> <return>  to replace it with another command,
or  <return>  to continue without it.

! Missing } inserted.
<inserted text> 
                }
l.193 \end{algorithm}
                     
I've inserted something that you may have forgotten.
(See the <inserted text> above.)
With luck, this will get me unwedged. But if you
really didn't forget anything, try typing `2' now; then
my insertion and my current dilemma will both disappear.

! Too many }'s.
\@endfloatbox ...pagefalse \outer@nobreak \egroup 
                                                  \color@endbox 
l.193 \end{algorithm}
                     
You've closed more groups than you opened.
Such booboos are generally harmless, so keep going.

! Extra \endgroup.
\color@endgroup ->\endgraf \endgroup 
                                     
l.193 \end{algorithm}
                     
Things are pretty mixed up, but I think the worst is over.

! Too many }'s.
\color@endbox ->\color@endgroup \egroup 
                                        
l.193 \end{algorithm}
                     
You've closed more groups than you opened.
Such booboos are generally harmless, so keep going.


! LaTeX Error: \begin{document} ended by \end{algocf}.

See the LaTeX manual or LaTeX Companion for explanation.
Type  H <return>  for immediate help.
 ...                                              
                                                  
l.193 \end{algorithm}
                     
Your command was ignored.
Type  I <command> <return>  to replace it with another command,
or  <return>  to continue without it.

! Extra \endgroup.
<recently read> \endgroup 
                          
l.193 \end{algorithm}
                     
Things are pretty mixed up, but I think the worst is over.


! LaTeX Error: \begin{document} ended by \end{algocf@algorithm}.

See the LaTeX manual or LaTeX Companion for explanation.
Type  H <return>  for immediate help.
 ...                                              
                                                  
l.193 \end{algorithm}
                     
Your command was ignored.
Type  I <command> <return>  to replace it with another command,
or  <return>  to continue without it.

! Extra \endgroup.
<recently read> \endgroup 
                          
l.193 \end{algorithm}
                     
Things are pretty mixed up, but I think the worst is over.


! LaTeX Error: \begin{document} ended by \end{algorithm}.

See the LaTeX manual or LaTeX Companion for explanation.
Type  H <return>  for immediate help.
 ...                                              
                                                  
l.193 \end{algorithm}
                     
Your command was ignored.
Type  I <command> <return>  to replace it with another command,
or  <return>  to continue without it.

! Extra \endgroup.
<recently read> \endgroup 
                          
l.193 \end{algorithm}
                     
Things are pretty mixed up, but I think the worst is over.


Overfull \hbox (30.67302pt too wide) in paragraph at lines 195--197
[]\T1/cmr/m/n/12 At
 []


Overfull \hbox (16.31548pt too wide) in paragraph at lines 195--197
\T1/cmr/m/n/12 the
 []


Overfull \hbox (18.27333pt too wide) in paragraph at lines 195--197
\T1/cmr/m/n/12 end
 []


Overfull \hbox (9.46297pt too wide) in paragraph at lines 195--197
\T1/cmr/m/n/12 of
 []


Overfull \hbox (13.05235pt too wide) in paragraph at lines 195--197
\T1/cmr/m/n/12 al-
 []


Overfull \hbox (15.66284pt too wide) in paragraph at lines 195--197
\T1/cmr/m/n/12 go-
 []


Overfull \hbox (31.97827pt too wide) in paragraph at lines 195--197
\T1/cmr/m/n/12 rithm,
 []


Overfull \hbox (13.3787pt too wide) in paragraph at lines 195--197
\T1/cmr/m/n/12 we
 []


Overfull \hbox (18.9912pt too wide) in paragraph at lines 195--197
\T1/cmr/m/n/12 test
 []


Overfull \hbox (16.31548pt too wide) in paragraph at lines 195--197
\T1/cmr/m/n/12 the
 []


Overfull \hbox (18.99118pt too wide) in paragraph at lines 195--197
\T1/cmr/m/n/12 sta-
 []


Overfull \hbox (15.01022pt too wide) in paragraph at lines 195--197
\T1/cmr/m/n/12 ble
 []


Overfull \hbox (23.16791pt too wide) in paragraph at lines 195--197
\T1/cmr/m/n/12 vari-
 []


Overfull \hbox (24.14687pt too wide) in paragraph at lines 195--197
\T1/cmr/m/n/12 able;
 []


Overfull \hbox (6.85248pt too wide) in paragraph at lines 195--197
\T1/cmr/m/n/12 if
 []


Overfull \hbox (7.8314pt too wide) in paragraph at lines 195--197
\T1/cmr/m/n/12 it
 []


Overfull \hbox (7.89665pt too wide) in paragraph at lines 195--197
\T1/cmr/m/n/12 is
 []


Overfull \hbox (33.60982pt too wide) in paragraph at lines 195--197
\T1/cmr/m/n/12 'True',
 []


Overfull \hbox (13.05235pt too wide) in paragraph at lines 195--197
\T1/cmr/m/n/12 al-
 []


Overfull \hbox (15.66284pt too wide) in paragraph at lines 195--197
\T1/cmr/m/n/12 go-
 []


Overfull \hbox (28.7152pt too wide) in paragraph at lines 195--197
\T1/cmr/m/n/12 rithm
 []


Overfull \hbox (18.27333pt too wide) in paragraph at lines 195--197
\T1/cmr/m/n/12 ter-
 []


Overfull \hbox (16.96806pt too wide) in paragraph at lines 195--197
\T1/cmr/m/n/12 mi-
 []


Overfull \hbox (30.0857pt too wide) in paragraph at lines 195--197
\T1/cmr/m/n/12 nates,
 []


Overfull \hbox (20.88379pt too wide) in paragraph at lines 195--197
\T1/cmr/m/n/12 oth-
 []


Overfull \hbox (13.705pt too wide) in paragraph at lines 195--197
\T1/cmr/m/n/12 er-
 []


Overfull \hbox (24.86473pt too wide) in paragraph at lines 195--197
\T1/cmr/m/n/12 wise,
 []


Overfull \hbox (21.53639pt too wide) in paragraph at lines 195--197
\T1/cmr/m/n/12 con-
 []


Overfull \hbox (18.2733pt too wide) in paragraph at lines 195--197
\T1/cmr/m/n/12 trol
 []


Overfull \hbox (31.06462pt too wide) in paragraph at lines 195--197
\T1/cmr/m/n/12 jumps
 []


Overfull \hbox (10.4419pt too wide) in paragraph at lines 195--197
\T1/cmr/m/n/12 to
 []


Overfull \hbox (16.31548pt too wide) in paragraph at lines 195--197
\T1/cmr/m/n/12 the
 []


Overfull \hbox (20.71854pt too wide) in paragraph at lines 195--197
\T1/cmr/m/n/12 Pol-
 []


Overfull \hbox (14.68387pt too wide) in paragraph at lines 195--197
\T1/cmr/m/n/12 icy
 []


Overfull \hbox (26.59207pt too wide) in paragraph at lines 195--197
\T1/cmr/m/n/12 Eval-
 []


Overfull \hbox (10.4419pt too wide) in paragraph at lines 195--197
\T1/cmr/m/n/12 u-
 []


Overfull \hbox (9.78928pt too wide) in paragraph at lines 195--197
\T1/cmr/m/n/12 a-
 []


Overfull \hbox (20.23116pt too wide) in paragraph at lines 195--197
\T1/cmr/m/n/12 tion
 []


Overfull \hbox (18.92593pt too wide) in paragraph at lines 195--197
\T1/cmr/m/n/12 and
 []


Overfull \hbox (21.53639pt too wide) in paragraph at lines 195--197
\T1/cmr/m/n/12 con-
 []


Overfull \hbox (18.2733pt too wide) in paragraph at lines 195--197
\T1/cmr/m/n/12 tin-
 []


Overfull \hbox (16.38072pt too wide) in paragraph at lines 195--197
\T1/cmr/m/n/12 ues
 []


Overfull \hbox (9.78926pt too wide) in paragraph at lines 195--197
\T1/cmr/m/n/12 in
 []


Overfull \hbox (12.39975pt too wide) in paragraph at lines 195--197
\T1/cmr/m/n/12 an
 []


Overfull \hbox (11.74712pt too wide) in paragraph at lines 195--197
\T1/cmr/m/n/12 it-
 []


Overfull \hbox (13.705pt too wide) in paragraph at lines 195--197
\T1/cmr/m/n/12 er-
 []


Overfull \hbox (9.78928pt too wide) in paragraph at lines 195--197
\T1/cmr/m/n/12 a-
 []


Overfull \hbox (18.92592pt too wide) in paragraph at lines 195--197
\T1/cmr/m/n/12 tive
 []


Overfull \hbox (26.10474pt too wide) in paragraph at lines 195--197
\T1/cmr/m/n/12 man-
 []


Overfull \hbox (19.57855pt too wide) in paragraph at lines 195--197
\T1/cmr/m/n/12 ner.
 []


Overfull \hbox (20.71854pt too wide) in paragraph at lines 195--197
\T1/cmr/m/n/12 Pol-
 []


Overfull \hbox (14.68387pt too wide) in paragraph at lines 195--197
\T1/cmr/m/n/12 icy
 []


Overfull \hbox (11.74712pt too wide) in paragraph at lines 195--197
\T1/cmr/m/n/12 it-
 []


Overfull \hbox (13.705pt too wide) in paragraph at lines 195--197
\T1/cmr/m/n/12 er-
 []


Overfull \hbox (9.78928pt too wide) in paragraph at lines 195--197
\T1/cmr/m/n/12 a-
 []


Overfull \hbox (20.23116pt too wide) in paragraph at lines 195--197
\T1/cmr/m/n/12 tion
 []


Overfull \hbox (13.37868pt too wide) in paragraph at lines 195--197
\T1/cmr/m/n/12 of-
 []


Overfull \hbox (16.31548pt too wide) in paragraph at lines 195--197
\T1/cmr/m/n/12 ten
 []


Overfull \hbox (21.53639pt too wide) in paragraph at lines 195--197
\T1/cmr/m/n/12 con-
 []


Overfull \hbox (31.39095pt too wide) in paragraph at lines 195--197
\T1/cmr/m/n/12 verges
 []


Overfull \hbox (9.78926pt too wide) in paragraph at lines 195--197
\T1/cmr/m/n/12 in
 []


Overfull \hbox (17.2944pt too wide) in paragraph at lines 195--197
\T1/cmr/m/n/12 few
 []


Overfull \hbox (11.74712pt too wide) in paragraph at lines 195--197
\T1/cmr/m/n/12 it-
 []


Overfull \hbox (13.705pt too wide) in paragraph at lines 195--197
\T1/cmr/m/n/12 er-
 []


Overfull \hbox (9.78928pt too wide) in paragraph at lines 195--197
\T1/cmr/m/n/12 a-
 []


Overfull \hbox (28.1278pt too wide) in paragraph at lines 195--197
\T1/cmr/m/n/12 tions.
 []


Overfull \hbox (20.23119pt too wide) in paragraph at lines 195--197
\T1/cmr/m/n/12 The
 []


Overfull \hbox (19.90483pt too wide) in paragraph at lines 195--197
\T1/cmr/m/n/12 pol-
 []


Overfull \hbox (14.68387pt too wide) in paragraph at lines 195--197
\T1/cmr/m/n/12 icy
 []


Overfull \hbox (16.96806pt too wide) in paragraph at lines 195--197
\T1/cmr/m/n/12 im-
 []


Overfull \hbox (31.652pt too wide) in paragraph at lines 195--197
\T1/cmr/m/n/12 prove-
 []


Overfull \hbox (25.77844pt too wide) in paragraph at lines 195--197
\T1/cmr/m/n/12 ment
 []


Overfull \hbox (20.23119pt too wide) in paragraph at lines 195--197
\T1/cmr/m/n/12 the-
 []


Overfull \hbox (9.78928pt too wide) in paragraph at lines 195--197
\T1/cmr/m/n/12 o-
 []


Overfull \hbox (19.57857pt too wide) in paragraph at lines 195--197
\T1/cmr/m/n/12 rem
 []


Overfull \hbox (26.75735pt too wide) in paragraph at lines 195--197
\T1/cmr/m/n/12 guar-
 []


Overfull \hbox (16.31546pt too wide) in paragraph at lines 195--197
\T1/cmr/m/n/12 an-
 []


Overfull \hbox (19.64383pt too wide) in paragraph at lines 195--197
\T1/cmr/m/n/12 tees
 []


Overfull \hbox (21.5364pt too wide) in paragraph at lines 195--197
\T1/cmr/m/n/12 that
 []


Overfull \hbox (26.17001pt too wide) in paragraph at lines 195--197
\T1/cmr/m/n/12 these
 []


Overfull \hbox (23.16791pt too wide) in paragraph at lines 195--197
\T1/cmr/m/n/12 poli-
 []


Overfull \hbox (18.33855pt too wide) in paragraph at lines 195--197
\T1/cmr/m/n/12 cies
 []


Overfull \hbox (29.43306pt too wide) in paragraph at lines 195--197
\T1/cmr/m/n/12 works
 []


Overfull \hbox (20.55748pt too wide) in paragraph at lines 195--197
\T1/cmr/m/n/12 bet-
 []


Overfull \hbox (14.35762pt too wide) in paragraph at lines 195--197
\T1/cmr/m/n/12 ter
 []


Overfull \hbox (23.49426pt too wide) in paragraph at lines 195--197
\T1/cmr/m/n/12 than
 []


Overfull \hbox (16.31548pt too wide) in paragraph at lines 195--197
\T1/cmr/m/n/12 the
 []


Overfull \hbox (23.49425pt too wide) in paragraph at lines 195--197
\T1/cmr/m/n/12 orig-
 []


Overfull \hbox (7.17879pt too wide) in paragraph at lines 195--197
\T1/cmr/m/n/12 i-
 []


Overfull \hbox (15.66283pt too wide) in paragraph at lines 195--197
\T1/cmr/m/n/12 nal
 []


Overfull \hbox (20.88379pt too wide) in paragraph at lines 195--197
\T1/cmr/m/n/12 ran-
 []


Overfull \hbox (22.18903pt too wide) in paragraph at lines 195--197
\T1/cmr/m/n/12 dom
 []


Overfull \hbox (19.90483pt too wide) in paragraph at lines 195--197
\T1/cmr/m/n/12 pol-
 []


Overfull \hbox (14.68387pt too wide) in paragraph at lines 195--197
\T1/cmr/m/n/12 icy
 []


Overfull \hbox (18.92593pt too wide) in paragraph at lines 195--197
\T1/cmr/m/n/12 and
 []


Overfull \hbox (41.5065pt too wide) in paragraph at lines 195--197
\T1/cmr/m/n/12 achieves
 []


Overfull \hbox (10.4419pt too wide) in paragraph at lines 195--197
\T1/cmr/m/n/12 to
 []


Overfull \hbox (16.31548pt too wide) in paragraph at lines 195--197
\T1/cmr/m/n/12 the
 []


Overfull \hbox (20.88377pt too wide) in paragraph at lines 195--197
\T1/cmr/m/n/12 goal
 []


Overfull \hbox (29.49834pt too wide) in paragraph at lines 195--197
\T1/cmr/m/n/12 states
 []


Overfull \hbox (9.78926pt too wide) in paragraph at lines 195--197
\T1/cmr/m/n/12 in
 []


Overfull \hbox (16.31548pt too wide) in paragraph at lines 195--197
\T1/cmr/m/n/12 the
 []


Overfull \hbox (23.49425pt too wide) in paragraph at lines 195--197
\T1/cmr/m/n/12 min-
 []


Overfull \hbox (7.17879pt too wide) in paragraph at lines 195--197
\T1/cmr/m/n/12 i-
 []


Overfull \hbox (25.77843pt too wide) in paragraph at lines 195--197
\T1/cmr/m/n/12 mum
 []


Overfull \hbox (26.43105pt too wide) in paragraph at lines 195--197
\T1/cmr/m/n/12 num-
 []


Overfull \hbox (16.64177pt too wide) in paragraph at lines 195--197
\T1/cmr/m/n/12 ber
 []


Overfull \hbox (9.46297pt too wide) in paragraph at lines 195--197
\T1/cmr/m/n/12 of
 []


Overfull \hbox (28.8457pt too wide) in paragraph at lines 195--197
\T1/cmr/m/n/12 steps. 
 []

[5] [6]
Overfull \hbox (32.5522pt too wide) in paragraph at lines 198--198
[][]\T1/cmr/bx/n/14.4 2.1.3
 []


Overfull \hbox (35.27959pt too wide) in paragraph at lines 198--198
\T1/cmr/bx/n/14.4 Clas-
 []


Overfull \hbox (17.68379pt too wide) in paragraph at lines 198--198
\T1/cmr/bx/n/14.4 sic
 []


Overfull \hbox (17.17035pt too wide) in paragraph at lines 198--198
\T1/cmr/bx/n/14.4 Q-
 []


Overfull \hbox (55.85779pt too wide) in paragraph at lines 198--198
\T1/cmr/bx/n/14.4 learning 
 []


Overfull \hbox (13.05235pt too wide) in paragraph at lines 201--205
\T1/cmr/m/n/12 Q-
 []


Overfull \hbox (41.11494pt too wide) in paragraph at lines 201--205
\T1/cmr/m/n/12 learning
 []


Overfull \hbox (7.89665pt too wide) in paragraph at lines 201--205
\T1/cmr/m/n/12 is
 []


Overfull \hbox (21.5364pt too wide) in paragraph at lines 201--205
\T1/cmr/m/n/12 part
 []


Overfull \hbox (9.46297pt too wide) in paragraph at lines 201--205
\T1/cmr/m/n/12 of
 []


Overfull \hbox (5.87357pt too wide) in paragraph at lines 201--205
\T1/cmr/m/n/12 a
 []


Overfull \hbox (18.99118pt too wide) in paragraph at lines 201--205
\T1/cmr/m/n/12 sec-
 []


Overfull \hbox (18.92593pt too wide) in paragraph at lines 201--205
\T1/cmr/m/n/12 ond
 []


Overfull \hbox (19.57854pt too wide) in paragraph at lines 201--205
\T1/cmr/m/n/12 cat-
 []


Overfull \hbox (9.13667pt too wide) in paragraph at lines 201--205
\T1/cmr/m/n/12 e-
 []


Overfull \hbox (22.51532pt too wide) in paragraph at lines 201--205
\T1/cmr/m/n/12 gory
 []


Overfull \hbox (9.46297pt too wide) in paragraph at lines 201--205
\T1/cmr/m/n/12 of
 []


Overfull \hbox (13.05235pt too wide) in paragraph at lines 201--205
\T1/cmr/m/n/12 al-
 []


Overfull \hbox (15.66284pt too wide) in paragraph at lines 201--205
\T1/cmr/m/n/12 go-
 []


Overfull \hbox (33.34877pt too wide) in paragraph at lines 201--205
\T1/cmr/m/n/12 rithms
 []


Overfull \hbox (21.5364pt too wide) in paragraph at lines 201--205
\T1/cmr/m/n/12 that
 []


Overfull \hbox (12.39975pt too wide) in paragraph at lines 201--205
\T1/cmr/m/n/12 do
 []


Overfull \hbox (16.96808pt too wide) in paragraph at lines 201--205
\T1/cmr/m/n/12 not
 []


Overfull \hbox (20.23119pt too wide) in paragraph at lines 201--205
\T1/cmr/m/n/12 pre-
 []


Overfull \hbox (21.60165pt too wide) in paragraph at lines 201--205
\T1/cmr/m/n/12 sup-
 []


Overfull \hbox (22.58058pt too wide) in paragraph at lines 201--205
\T1/cmr/m/n/12 pose
 []


Overfull \hbox (16.31548pt too wide) in paragraph at lines 201--205
\T1/cmr/m/n/12 the
 []


Overfull \hbox (16.64174pt too wide) in paragraph at lines 201--205
\T1/cmr/m/n/12 full
 []


Overfull \hbox (33.93613pt too wide) in paragraph at lines 201--205
\T1/cmr/m/n/12 knowl-
 []


Overfull \hbox (22.84167pt too wide) in paragraph at lines 201--205
\T1/cmr/m/n/12 edge
 []


Overfull \hbox (9.46297pt too wide) in paragraph at lines 201--205
\T1/cmr/m/n/12 of
 []


Overfull \hbox (16.31548pt too wide) in paragraph at lines 201--205
\T1/cmr/m/n/12 the
 []


Overfull \hbox (19.38272pt too wide) in paragraph at lines 201--205
\T1/cmr/m/n/12 sys-
 []


Overfull \hbox (22.84164pt too wide) in paragraph at lines 201--205
\T1/cmr/m/n/12 tem.
 []


Overfull \hbox (24.7995pt too wide) in paragraph at lines 201--205
\T1/cmr/m/n/12 Con-
 []


Overfull \hbox (25.77841pt too wide) in paragraph at lines 201--205
\T1/cmr/m/n/12 trary
 []


Overfull \hbox (10.4419pt too wide) in paragraph at lines 201--205
\T1/cmr/m/n/12 to
 []


Overfull \hbox (26.43102pt too wide) in paragraph at lines 201--205
\T1/cmr/m/n/12 value
 []


Overfull \hbox (11.74712pt too wide) in paragraph at lines 201--205
\T1/cmr/m/n/12 it-
 []


Overfull \hbox (13.705pt too wide) in paragraph at lines 201--205
\T1/cmr/m/n/12 er-
 []


Overfull \hbox (9.78928pt too wide) in paragraph at lines 201--205
\T1/cmr/m/n/12 a-
 []


Overfull \hbox (20.23116pt too wide) in paragraph at lines 201--205
\T1/cmr/m/n/12 tion
 []


Overfull \hbox (18.92593pt too wide) in paragraph at lines 201--205
\T1/cmr/m/n/12 and
 []


Overfull \hbox (19.90483pt too wide) in paragraph at lines 201--205
\T1/cmr/m/n/12 pol-
 []


Overfull \hbox (14.68387pt too wide) in paragraph at lines 201--205
\T1/cmr/m/n/12 icy
 []


Overfull \hbox (11.74712pt too wide) in paragraph at lines 201--205
\T1/cmr/m/n/12 it-
 []


Overfull \hbox (13.705pt too wide) in paragraph at lines 201--205
\T1/cmr/m/n/12 er-
 []


Overfull \hbox (9.78928pt too wide) in paragraph at lines 201--205
\T1/cmr/m/n/12 a-
 []


Overfull \hbox (23.49423pt too wide) in paragraph at lines 201--205
\T1/cmr/m/n/12 tion,
 []


Overfull \hbox (16.31548pt too wide) in paragraph at lines 201--205
\T1/cmr/m/n/12 the
 []


Overfull \hbox (15.66286pt too wide) in paragraph at lines 201--205
\T1/cmr/m/n/12 en-
 []


Overfull \hbox (13.37865pt too wide) in paragraph at lines 201--205
\T1/cmr/m/n/12 vi-
 []


Overfull \hbox (20.88379pt too wide) in paragraph at lines 201--205
\T1/cmr/m/n/12 ron-
 []


Overfull \hbox (25.77844pt too wide) in paragraph at lines 201--205
\T1/cmr/m/n/12 ment
 []


Overfull \hbox (22.58058pt too wide) in paragraph at lines 201--205
\T1/cmr/m/n/12 does
 []


Overfull \hbox (16.96808pt too wide) in paragraph at lines 201--205
\T1/cmr/m/n/12 not
 []


Overfull \hbox (23.4943pt too wide) in paragraph at lines 201--205
\T1/cmr/m/n/12 need
 []


Overfull \hbox (10.4419pt too wide) in paragraph at lines 201--205
\T1/cmr/m/n/12 to
 []


Overfull \hbox (12.07344pt too wide) in paragraph at lines 201--205
\T1/cmr/m/n/12 be
 []


Overfull \hbox (33.28352pt too wide) in paragraph at lines 201--205
\T1/cmr/m/n/12 known
 []


Overfull \hbox (14.0313pt too wide) in paragraph at lines 201--205
\T1/cmr/m/n/12 for
 []


Overfull \hbox (16.31548pt too wide) in paragraph at lines 201--205
\T1/cmr/m/n/12 the
 []


Overfull \hbox (13.05235pt too wide) in paragraph at lines 201--205
\T1/cmr/m/n/12 al-
 []


Overfull \hbox (15.66284pt too wide) in paragraph at lines 201--205
\T1/cmr/m/n/12 go-
 []


Overfull \hbox (28.7152pt too wide) in paragraph at lines 201--205
\T1/cmr/m/n/12 rithm
 []


Overfull \hbox (10.4419pt too wide) in paragraph at lines 201--205
\T1/cmr/m/n/12 to
 []


Overfull \hbox (28.06256pt too wide) in paragraph at lines 201--205
\T1/cmr/m/n/12 work.
 []


Overfull \hbox (20.23119pt too wide) in paragraph at lines 201--205
\T1/cmr/m/n/12 The
 []


Overfull \hbox (13.05235pt too wide) in paragraph at lines 201--205
\T1/cmr/m/n/12 al-
 []


Overfull \hbox (15.66284pt too wide) in paragraph at lines 201--205
\T1/cmr/m/n/12 go-
 []


Overfull \hbox (28.7152pt too wide) in paragraph at lines 201--205
\T1/cmr/m/n/12 rithm
 []


Overfull \hbox (20.23119pt too wide) in paragraph at lines 201--205
\T1/cmr/m/n/12 pre-
 []


Overfull \hbox (32.36989pt too wide) in paragraph at lines 201--205
\T1/cmr/m/n/12 sented
 []


Overfull \hbox (12.39973pt too wide) in paragraph at lines 201--205
\T1/cmr/m/n/12 by
 []


Overfull \hbox (16.31548pt too wide) in paragraph at lines 201--205
\T1/cmr/m/n/12 the
 []


Overfull \hbox (16.31546pt too wide) in paragraph at lines 201--205
\T1/cmr/m/n/12 au-
 []


Overfull \hbox (26.16998pt too wide) in paragraph at lines 201--205
\T1/cmr/m/n/12 thors
 []


Overfull \hbox (9.46297pt too wide) in paragraph at lines 201--205
\T1/cmr/m/n/12 of
 []


Overfull \hbox (16.96808pt too wide) in paragraph at lines 201--205
\T1/cmr/m/n/12 our
 []


Overfull \hbox (17.2944pt too wide) in paragraph at lines 201--205
\T1/cmr/m/n/12 ref-
 []


Overfull \hbox (13.705pt too wide) in paragraph at lines 201--205
\T1/cmr/m/n/12 er-
 []


Overfull \hbox (22.18904pt too wide) in paragraph at lines 201--205
\T1/cmr/m/n/12 ence
 []


Overfull \hbox (14.3576pt too wide) in paragraph at lines 201--205
\T1/cmr/m/n/12 ar-
 []


Overfull \hbox (11.74712pt too wide) in paragraph at lines 201--205
\T1/cmr/m/n/12 ti-
 []


Overfull \hbox (13.70497pt too wide) in paragraph at lines 201--205
\T1/cmr/m/n/12 cle
 []


Overfull \hbox (7.89665pt too wide) in paragraph at lines 201--205
\T1/cmr/m/n/12 is
 []


Overfull \hbox (21.60164pt too wide) in paragraph at lines 201--205
\T1/cmr/m/n/12 sim-
 []


Overfull \hbox (7.17879pt too wide) in paragraph at lines 201--205
\T1/cmr/m/n/12 i-
 []


Overfull \hbox (13.70497pt too wide) in paragraph at lines 201--205
\T1/cmr/m/n/12 lar
 []


Overfull \hbox (9.78926pt too wide) in paragraph at lines 201--205
\T1/cmr/m/n/12 in
 []


Overfull \hbox (12.46498pt too wide) in paragraph at lines 201--205
\T1/cmr/m/n/12 its
 []


Overfull \hbox (13.705pt too wide) in paragraph at lines 201--205
\T1/cmr/m/n/12 re-
 []


Overfull \hbox (29.69412pt too wide) in paragraph at lines 201--205
\T1/cmr/m/n/12 quire-
 []


Overfull \hbox (33.6751pt too wide) in paragraph at lines 201--205
\T1/cmr/m/n/12 ments,
 []


Overfull \hbox (35.89401pt too wide) in paragraph at lines 201--205
\T1/cmr/m/n/12 though
 []


Overfull \hbox (7.8314pt too wide) in paragraph at lines 201--205
\T1/cmr/m/n/12 it
 []


Overfull \hbox (21.92796pt too wide) in paragraph at lines 201--205
\T1/cmr/m/n/12 goes
 []


Overfull \hbox (18.59962pt too wide) in paragraph at lines 201--205
\T1/cmr/m/n/12 fur-
 []


Overfull \hbox (20.8838pt too wide) in paragraph at lines 201--205
\T1/cmr/m/n/12 ther
 []


Overfull \hbox (18.92593pt too wide) in paragraph at lines 201--205
\T1/cmr/m/n/12 and
 []


Overfull \hbox (15.01021pt too wide) in paragraph at lines 201--205
\T1/cmr/m/n/12 ac-
 []


Overfull \hbox (15.01022pt too wide) in paragraph at lines 201--205
\T1/cmr/m/n/12 tu-
 []


Overfull \hbox (18.59958pt too wide) in paragraph at lines 201--205
\T1/cmr/m/n/12 ally
 []


Overfull \hbox (21.0143pt too wide) in paragraph at lines 201--205
\T1/cmr/m/n/12 uses
 []


Overfull \hbox (16.31548pt too wide) in paragraph at lines 201--205
\T1/cmr/m/n/12 the
 []


Overfull \hbox (33.93613pt too wide) in paragraph at lines 201--205
\T1/cmr/m/n/12 knowl-
 []


Overfull \hbox (22.84167pt too wide) in paragraph at lines 201--205
\T1/cmr/m/n/12 edge
 []


Overfull \hbox (13.3787pt too wide) in paragraph at lines 201--205
\T1/cmr/m/n/12 we
 []


Overfull \hbox (12.39975pt too wide) in paragraph at lines 201--205
\T1/cmr/m/n/12 do
 []


Overfull \hbox (23.16795pt too wide) in paragraph at lines 201--205
\T1/cmr/m/n/12 have
 []


Overfull \hbox (29.69412pt too wide) in paragraph at lines 201--205
\T1/cmr/m/n/12 about
 []


Overfull \hbox (16.31548pt too wide) in paragraph at lines 201--205
\T1/cmr/m/n/12 the
 []


Overfull \hbox (15.66286pt too wide) in paragraph at lines 201--205
\T1/cmr/m/n/12 en-
 []


Overfull \hbox (13.37865pt too wide) in paragraph at lines 201--205
\T1/cmr/m/n/12 vi-
 []


Overfull \hbox (20.88379pt too wide) in paragraph at lines 201--205
\T1/cmr/m/n/12 ron-
 []


Overfull \hbox (29.04152pt too wide) in paragraph at lines 201--205
\T1/cmr/m/n/12 ment,
 []


Overfull \hbox (29.6941pt too wide) in paragraph at lines 201--205
\T1/cmr/m/n/12 which
 []


Overfull \hbox (31.39093pt too wide) in paragraph at lines 201--205
\T1/cmr/m/n/12 makes
 []


Overfull \hbox (7.8314pt too wide) in paragraph at lines 201--205
\T1/cmr/m/n/12 it
 []


Overfull \hbox (25.45213pt too wide) in paragraph at lines 201--205
\T1/cmr/m/n/12 more
 []


Overfull \hbox (12.72607pt too wide) in paragraph at lines 201--205
\T1/cmr/m/n/12 ef-
 []


Overfull \hbox (10.4419pt too wide) in paragraph at lines 201--205
\T1/cmr/m/n/12 fi-
 []


Overfull \hbox (27.73625pt too wide) in paragraph at lines 201--205
\T1/cmr/m/n/12 cient. 
 []

[7] [8] [9]
Overfull \hbox (30.67717pt too wide) in paragraph at lines 206--208
[]\T1/cmr/m/n/12 Q-
 []


Overfull \hbox (41.11494pt too wide) in paragraph at lines 206--208
\T1/cmr/m/n/12 learning
 []


Overfull \hbox (26.16998pt too wide) in paragraph at lines 206--208
\T1/cmr/m/n/12 helps
 []


Overfull \hbox (11.15976pt too wide) in paragraph at lines 206--208
\T1/cmr/m/n/12 us
 []


Overfull \hbox (19.57855pt too wide) in paragraph at lines 206--208
\T1/cmr/m/n/12 find
 []


Overfull \hbox (16.31548pt too wide) in paragraph at lines 206--208
\T1/cmr/m/n/12 the
 []


Overfull \hbox (16.31546pt too wide) in paragraph at lines 206--208
\T1/cmr/m/n/12 op-
 []


Overfull \hbox (11.74712pt too wide) in paragraph at lines 206--208
\T1/cmr/m/n/12 ti-
 []


Overfull \hbox (18.92592pt too wide) in paragraph at lines 206--208
\T1/cmr/m/n/12 mal
 []


Overfull \hbox (19.90483pt too wide) in paragraph at lines 206--208
\T1/cmr/m/n/12 pol-
 []


Overfull \hbox (14.68387pt too wide) in paragraph at lines 206--208
\T1/cmr/m/n/12 icy
 []


Overfull \hbox (12.39973pt too wide) in paragraph at lines 206--208
\T1/cmr/m/n/12 by
 []


Overfull \hbox (15.07547pt too wide) in paragraph at lines 206--208
\T1/cmr/m/n/12 us-
 []


Overfull \hbox (15.66283pt too wide) in paragraph at lines 206--208
\T1/cmr/m/n/12 ing
 []


Overfull \hbox (16.31548pt too wide) in paragraph at lines 206--208
\T1/cmr/m/n/12 the
 []


Overfull \hbox (13.70497pt too wide) in paragraph at lines 206--208
\T1/cmr/m/n/12 in-
 []


Overfull \hbox (18.27333pt too wide) in paragraph at lines 206--208
\T1/cmr/m/n/12 ter-
 []


Overfull \hbox (15.01021pt too wide) in paragraph at lines 206--208
\T1/cmr/m/n/12 ac-
 []


Overfull \hbox (24.86473pt too wide) in paragraph at lines 206--208
\T1/cmr/m/n/12 tions
 []


Overfull \hbox (15.98915pt too wide) in paragraph at lines 206--208
\T1/cmr/m/n/12 be-
 []


Overfull \hbox (29.36786pt too wide) in paragraph at lines 206--208
\T1/cmr/m/n/12 tween
 []


Overfull \hbox (16.31548pt too wide) in paragraph at lines 206--208
\T1/cmr/m/n/12 the
 []


Overfull \hbox (19.38272pt too wide) in paragraph at lines 206--208
\T1/cmr/m/n/12 sys-
 []


Overfull \hbox (19.57857pt too wide) in paragraph at lines 206--208
\T1/cmr/m/n/12 tem
 []


Overfull \hbox (18.92593pt too wide) in paragraph at lines 206--208
\T1/cmr/m/n/12 and
 []


Overfull \hbox (16.31548pt too wide) in paragraph at lines 206--208
\T1/cmr/m/n/12 the
 []


Overfull \hbox (15.66286pt too wide) in paragraph at lines 206--208
\T1/cmr/m/n/12 en-
 []


Overfull \hbox (13.37865pt too wide) in paragraph at lines 206--208
\T1/cmr/m/n/12 vi-
 []


Overfull \hbox (20.88379pt too wide) in paragraph at lines 206--208
\T1/cmr/m/n/12 ron-
 []


Overfull \hbox (29.04152pt too wide) in paragraph at lines 206--208
\T1/cmr/m/n/12 ment.
 []


Overfull \hbox (10.76402pt too wide) in paragraph at lines 206--208
\T1/cmr/m/n/12 In
 []


Overfull \hbox (11.09448pt too wide) in paragraph at lines 206--208
\T1/cmr/m/n/12 it,
 []


Overfull \hbox (13.3787pt too wide) in paragraph at lines 206--208
\T1/cmr/m/n/12 we
 []


Overfull \hbox (24.79948pt too wide) in paragraph at lines 206--208
\T1/cmr/m/n/12 com-
 []


Overfull \hbox (22.84166pt too wide) in paragraph at lines 206--208
\T1/cmr/m/n/12 pute
 []


Overfull \hbox (12.39975pt too wide) in paragraph at lines 206--208
\T1/cmr/m/n/12 an
 []


Overfull \hbox (13.77025pt too wide) in paragraph at lines 206--208
\T1/cmr/m/n/12 es-
 []


Overfull \hbox (11.74712pt too wide) in paragraph at lines 206--208
\T1/cmr/m/n/12 ti-
 []


Overfull \hbox (25.45213pt too wide) in paragraph at lines 206--208
\T1/cmr/m/n/12 mate
 []


Overfull \hbox (9.46297pt too wide) in paragraph at lines 206--208
\T1/cmr/m/n/12 of
 []


Overfull \hbox (16.31548pt too wide) in paragraph at lines 206--208
\T1/cmr/m/n/12 the
 []


Overfull \hbox (15.66283pt too wide) in paragraph at lines 206--208
\T1/cmr/m/n/12 cu-
 []


Overfull \hbox (19.90486pt too wide) in paragraph at lines 206--208
\T1/cmr/m/n/12 mu-
 []


Overfull \hbox (13.05235pt too wide) in paragraph at lines 206--208
\T1/cmr/m/n/12 la-
 []


Overfull \hbox (18.92592pt too wide) in paragraph at lines 206--208
\T1/cmr/m/n/12 tive
 []


Overfull \hbox (18.33855pt too wide) in paragraph at lines 206--208
\T1/cmr/m/n/12 dis-
 []


Overfull \hbox (40.13603pt too wide) in paragraph at lines 206--208
\T1/cmr/m/n/12 counted
 []


Overfull \hbox (13.705pt too wide) in paragraph at lines 206--208
\T1/cmr/m/n/12 re-
 []


Overfull \hbox (25.12581pt too wide) in paragraph at lines 206--208
\T1/cmr/m/n/12 ward
 []


Overfull \hbox (14.0313pt too wide) in paragraph at lines 206--208
\T1/cmr/m/n/12 for
 []


Overfull \hbox (22.51534pt too wide) in paragraph at lines 206--208
\T1/cmr/m/n/12 each
 []


Overfull \hbox (15.01021pt too wide) in paragraph at lines 206--208
\T1/cmr/m/n/12 ac-
 []


Overfull \hbox (20.23116pt too wide) in paragraph at lines 206--208
\T1/cmr/m/n/12 tion
 []


Overfull \hbox (15.33653pt too wide) in paragraph at lines 206--208
\T1/cmr/m/n/12 ex-
 []


Overfull \hbox (9.13667pt too wide) in paragraph at lines 206--208
\T1/cmr/m/n/12 e-
 []


Overfull \hbox (28.06259pt too wide) in paragraph at lines 206--208
\T1/cmr/m/n/12 cuted
 []


Overfull \hbox (9.78926pt too wide) in paragraph at lines 206--208
\T1/cmr/m/n/12 in
 []


Overfull \hbox (22.51534pt too wide) in paragraph at lines 206--208
\T1/cmr/m/n/12 each
 []


Overfull \hbox (28.12784pt too wide) in paragraph at lines 206--208
\T1/cmr/m/n/12 state. 
 []

[10]
Overfull \hbox (37.856pt too wide) in paragraph at lines 209--210
[]\T1/cmr/m/n/12 The
 []


Overfull \hbox (13.05235pt too wide) in paragraph at lines 209--210
\T1/cmr/m/n/12 al-
 []


Overfull \hbox (15.66284pt too wide) in paragraph at lines 209--210
\T1/cmr/m/n/12 go-
 []


Overfull \hbox (28.7152pt too wide) in paragraph at lines 209--210
\T1/cmr/m/n/12 rithm
 []


Overfull \hbox (14.0313pt too wide) in paragraph at lines 209--210
\T1/cmr/m/n/12 for
 []


Overfull \hbox (17.62071pt too wide) in paragraph at lines 209--210
\T1/cmr/m/n/12 one
 []


Overfull \hbox (20.94905pt too wide) in paragraph at lines 209--210
\T1/cmr/m/n/12 step
 []


Overfull \hbox (7.89665pt too wide) in paragraph at lines 209--210
\T1/cmr/m/n/12 is
 []


Overfull \hbox (10.50714pt too wide) in paragraph at lines 209--210
\T1/cmr/m/n/12 as
 []


Overfull \hbox (16.64175pt too wide) in paragraph at lines 209--210
\T1/cmr/m/n/12 fol-
 []


Overfull \hbox (21.92795pt too wide) in paragraph at lines 209--210
\T1/cmr/m/n/12 lows
 []


Overfull \hbox (28.3889pt too wide) in paragraph at lines 209--210
\T1/cmr/m/n/12 (from
 []


Overfull \hbox (17.29022pt too wide) in paragraph at lines 209--210
\T1/cmr/m/n/12 Ar-
 []


Overfull \hbox (11.74712pt too wide) in paragraph at lines 209--210
\T1/cmr/m/n/12 ti-
 []


Overfull \hbox (10.4419pt too wide) in paragraph at lines 209--210
\T1/cmr/m/n/12 fi-
 []


Overfull \hbox (17.62065pt too wide) in paragraph at lines 209--210
\T1/cmr/m/n/12 cial
 []


Overfull \hbox (14.67973pt too wide) in paragraph at lines 209--210
\T1/cmr/m/n/12 In-
 []


Overfull \hbox (16.96808pt too wide) in paragraph at lines 209--210
\T1/cmr/m/n/12 tel-
 []


Overfull \hbox (10.44186pt too wide) in paragraph at lines 209--210
\T1/cmr/m/n/12 li-
 []


Overfull \hbox (31.32568pt too wide) in paragraph at lines 209--210
\T1/cmr/m/n/12 gence,
 []


Overfull \hbox (16.96808pt too wide) in paragraph at lines 209--210
\T1/cmr/m/n/12 3rd
 []


Overfull \hbox (18.92593pt too wide) in paragraph at lines 209--210
\T1/cmr/m/n/12 edi-
 []


Overfull \hbox (23.49423pt too wide) in paragraph at lines 209--210
\T1/cmr/m/n/12 tion,
 []


Overfull \hbox (34.42352pt too wide) in paragraph at lines 209--210
\T1/cmr/m/n/12 French
 []


Overfull \hbox (51.62204pt too wide) in paragraph at lines 209--210
\T1/cmr/m/n/12 version[[]]: 
 []

[11]
! Undefined control sequence.
l.221   $s,a,r=s',\argmax
                         _{a'}f(Q(s',a'),T(s',a')),r'$\\
The control sequence at the end of the top line
of your error message was never \def'ed. If you have
misspelled it (e.g., `\hobx'), type `I' and the correct
spelling (e.g., `I\hbox'). Otherwise just continue,
and I'll forget about whatever was undefined.


Overfull \hbox (23.82225pt too wide) in paragraph at lines 226--226
[][]\T1/cmr/bx/n/17.28 2.2
 []


Overfull \hbox (28.47673pt too wide) in paragraph at lines 226--226
\T1/cmr/bx/n/17.28 Re-
 []


Overfull \hbox (40.15118pt too wide) in paragraph at lines 226--226
\T1/cmr/bx/n/17.28 ward
 []


Overfull \hbox (31.07253pt too wide) in paragraph at lines 226--226
\T1/cmr/bx/n/17.28 ma-
 []


Overfull \hbox (29.79373pt too wide) in paragraph at lines 226--226
\T1/cmr/bx/n/17.28 trix 
 []

[12]
Overfull \hbox (20.26256pt too wide) in paragraph at lines 229--229
[]\T1/cmr/bx/n/24.88 3. 
 []


Overfull \hbox (62.23503pt too wide) in paragraph at lines 229--229
\T1/cmr/bx/n/24.88 Com- 
 []


Overfull \hbox (46.60509pt too wide) in paragraph at lines 229--229
\T1/cmr/bx/n/24.88 par- 
 []


Overfull \hbox (34.73582pt too wide) in paragraph at lines 229--229
\T1/cmr/bx/n/24.88 ing 
 []


Overfull \hbox (28.9465pt too wide) in paragraph at lines 229--229
\T1/cmr/bx/n/24.88 al- 
 []


Overfull \hbox (34.73582pt too wide) in paragraph at lines 229--229
\T1/cmr/bx/n/24.88 go- 
 []


Overfull \hbox (74.24902pt too wide) in paragraph at lines 229--229
\T1/cmr/bx/n/24.88 rithms  
 []


Overfull \hbox (23.82225pt too wide) in paragraph at lines 232--232
[][]\T1/cmr/bx/n/17.28 3.1
 []


Overfull \hbox (41.5336pt too wide) in paragraph at lines 232--232
\T1/cmr/bx/n/17.28 Clas-
 []


Overfull \hbox (20.81859pt too wide) in paragraph at lines 232--232
\T1/cmr/bx/n/17.28 sic
 []


Overfull \hbox (20.21223pt too wide) in paragraph at lines 232--232
\T1/cmr/bx/n/17.28 Q-
 []


Overfull \hbox (65.69229pt too wide) in paragraph at lines 232--232
\T1/cmr/bx/n/17.28 learning 
 []


Overfull \hbox (23.82225pt too wide) in paragraph at lines 235--235
[][]\T1/cmr/bx/n/17.28 3.2
 []


Overfull \hbox (58.33241pt too wide) in paragraph at lines 235--235
\T1/cmr/bx/n/17.28 Speedy
 []


Overfull \hbox (20.21223pt too wide) in paragraph at lines 235--235
\T1/cmr/bx/n/17.28 Q-
 []


Overfull \hbox (65.69229pt too wide) in paragraph at lines 235--235
\T1/cmr/bx/n/17.28 learning 
 []


Overfull \hbox (23.82225pt too wide) in paragraph at lines 238--238
[][]\T1/cmr/bx/n/17.28 3.3
 []


Overfull \hbox (30.12453pt too wide) in paragraph at lines 238--238
\T1/cmr/bx/n/17.28 Ad-
 []


Overfull \hbox (21.75076pt too wide) in paragraph at lines 238--238
\T1/cmr/bx/n/17.28 di-
 []


Overfull \hbox (46.60876pt too wide) in paragraph at lines 238--238
\T1/cmr/bx/n/17.28 tional
 []


Overfull \hbox (22.1908pt too wide) in paragraph at lines 238--238
\T1/cmr/bx/n/17.28 re-
 []


Overfull \hbox (49.57657pt too wide) in paragraph at lines 238--238
\T1/cmr/bx/n/17.28 marks 
 []

[13

]
Overfull \vbox (3.31102pt too high) has occurred while \output is active []


[14]
Overfull \hbox (85.85872pt too wide) in paragraph at lines 241--241
[]\T1/cmr/bx/n/24.88 Further 
 []


Overfull \hbox (55.28906pt too wide) in paragraph at lines 241--241
\T1/cmr/bx/n/24.88 work 
 []


Overfull \hbox (20.26257pt too wide) in paragraph at lines 241--241
\T1/cmr/bx/n/24.88 & 
 []


Overfull \hbox (47.76175pt too wide) in paragraph at lines 241--241
\T1/cmr/bx/n/24.88 con- 
 []


Overfull \hbox (41.97243pt too wide) in paragraph at lines 241--241
\T1/cmr/bx/n/24.88 clu- 
 []


Overfull \hbox (45.01186pt too wide) in paragraph at lines 241--241
\T1/cmr/bx/n/24.88 sion  
 []

(./report.bbl [15

]
Overfull \hbox (146.16583pt too wide) in paragraph at lines 1--1
[]\T1/cmr/bx/n/24.88 Bibliography  
 []

)
Package atveryend Info: Empty hook `BeforeClearDocument' on input line 248.
 [16

]
Package atveryend Info: Empty hook `AfterLastShipout' on input line 248.
 (./report.aux)
Package atveryend Info: Executing hook `AtVeryEndDocument' on input line 248.
Package atveryend Info: Executing hook `AtEndAfterFileList' on input line 248.
Package rerunfilecheck Info: File `report.out' has not changed.
(rerunfilecheck)             Checksum: D1F310208ECB329CA1E78109C89D42E9;1056.
Package atveryend Info: Empty hook `AtVeryVeryEnd' on input line 248.
 ) 
Here is how much of TeX's memory you used:
 11599 strings out of 493089
 166514 string characters out of 6134843
 329528 words of memory out of 5000000
 14845 multiletter control sequences out of 15000+600000
 25816 words of font info for 69 fonts, out of 8000000 for 9000
 1141 hyphenation exceptions out of 8191
 29i,9n,40p,302b,457s stack positions out of 5000i,500n,10000p,200000b,80000s
{/usr/local/texlive/2015/texmf-dist/fonts/enc/dvips/cm-super/cm-super-t1.enc}
</usr/local/texlive/2015/texmf-dist/fonts/type1/public/amsfonts/cm/cmex10.pfb><
/usr/local/texlive/2015/texmf-dist/fonts/type1/public/amsfonts/cm/cmmi12.pfb></
usr/local/texlive/2015/texmf-dist/fonts/type1/public/amsfonts/cm/cmmi8.pfb></us
r/local/texlive/2015/texmf-dist/fonts/type1/public/amsfonts/cm/cmr12.pfb></usr/
local/texlive/2015/texmf-dist/fonts/type1/public/amsfonts/cm/cmr8.pfb></usr/loc
al/texlive/2015/texmf-dist/fonts/type1/public/amsfonts/cm/cmsy10.pfb></usr/loca
l/texlive/2015/texmf-dist/fonts/type1/public/amsfonts/cm/cmsy6.pfb></usr/local/
texlive/2015/texmf-dist/fonts/type1/public/amsfonts/cm/cmsy8.pfb></usr/local/te
xlive/2015/texmf-dist/fonts/type1/public/cm-super/sfbx1200.pfb></usr/local/texl
ive/2015/texmf-dist/fonts/type1/public/cm-super/sfbx1440.pfb></usr/local/texliv
e/2015/texmf-dist/fonts/type1/public/cm-super/sfbx1728.pfb></usr/local/texlive/
2015/texmf-dist/fonts/type1/public/cm-super/sfbx2488.pfb></usr/local/texlive/20
15/texmf-dist/fonts/type1/public/cm-super/sfrm1200.pfb></usr/local/texlive/2015
/texmf-dist/fonts/type1/public/cm-super/sfrm1440.pfb></usr/local/texlive/2015/t
exmf-dist/fonts/type1/public/cm-super/sfrm1728.pfb></usr/local/texlive/2015/tex
mf-dist/fonts/type1/public/cm-super/sfti1200.pfb>
Output written on report.pdf (17 pages, 227370 bytes).
PDF statistics:
 244 PDF objects out of 1000 (max. 8388607)
 205 compressed objects within 3 object streams
 37 named destinations out of 1000 (max. 500000)
 134 words of extra memory for PDF output out of 10000 (max. 10000000)

